

----------------------------------------
checking for C compiler


----------------------------------------
checking for --with-ld-opt="-Wl,-z,relro -Wl,-z,now -Wl,--as-needed,--gc-sections,--relax -fPIC"


----------------------------------------
checking for -Wl,-E switch


----------------------------------------
checking for gcc builtin atomic operations


----------------------------------------
checking for C99 variadic macros


----------------------------------------
checking for gcc variadic macros


----------------------------------------
checking for gcc builtin 64 bit byteswap


----------------------------------------
checking for unistd.h


----------------------------------------
checking for inttypes.h


----------------------------------------
checking for limits.h


----------------------------------------
checking for sys/filio.h

objs/autotest.c(3): catastrophic error: cannot open source file "sys/filio.h"
  #include <sys/filio.h>
                        ^

compilation aborted for objs/autotest.c (code 4)
----------


#include <sys/filio.h>

int main(void) {
    return 0;
}

----------
icc -o objs/autotest objs/autotest.c
----------

----------------------------------------
checking for sys/param.h


----------------------------------------
checking for sys/mount.h


----------------------------------------
checking for sys/statvfs.h


----------------------------------------
checking for crypt.h


----------------------------------------
checking for epoll


----------------------------------------
checking for EPOLLRDHUP


----------------------------------------
checking for EPOLLEXCLUSIVE


----------------------------------------
checking for O_PATH


----------------------------------------
checking for sendfile()


----------------------------------------
checking for sendfile64()


----------------------------------------
checking for sys/prctl.h


----------------------------------------
checking for prctl(PR_SET_DUMPABLE)


----------------------------------------
checking for prctl(PR_SET_KEEPCAPS)


----------------------------------------
checking for capabilities


----------------------------------------
checking for crypt_r()


----------------------------------------
checking for sys/vfs.h


----------------------------------------
checking for poll()


----------------------------------------
checking for /dev/poll

objs/autotest.c(4): catastrophic error: cannot open source file "sys/devpoll.h"
  #include <sys/devpoll.h>
                          ^

compilation aborted for objs/autotest.c (code 4)
----------

#include <sys/types.h>
#include <unistd.h>
#include <sys/devpoll.h>

int main(void) {
    int  n, dp; struct dvpoll  dvp;
                  dp = 0;
                  dvp.dp_fds = NULL;
                  dvp.dp_nfds = 0;
                  dvp.dp_timeout = 0;
                  n = ioctl(dp, DP_POLL, &dvp);
                  if (n == -1) return 1;
    return 0;
}

----------
icc -g -O2 -fdebug-prefix-map=/home/richard/debs/nginx/nginx=. -fstack-protector-strong -Wformat -Werror=format-security -march=native -pipe -g -O2 -fdebug-prefix-map=/home/richard/debs/nginx/nginx=. -fstack-protector-strong -Wformat -Werror=format-security -march=native -pipe -fPIC -Wdate-time -D_FORTIFY_SOURCE=2 -D_GNU_SOURCE -D_FILE_OFFSET_BITS=64 -o objs/autotest objs/autotest.c -Wl,-z,relro -Wl,-z,now -Wl,--as-needed,--gc-sections,--relax -fPIC
----------

----------------------------------------
checking for kqueue

objs/autotest.c(4): catastrophic error: cannot open source file "sys/event.h"
  #include <sys/event.h>
                        ^

compilation aborted for objs/autotest.c (code 4)
----------

#include <sys/types.h>
#include <unistd.h>
#include <sys/event.h>

int main(void) {
    (void) kqueue();
    return 0;
}

----------
icc -g -O2 -fdebug-prefix-map=/home/richard/debs/nginx/nginx=. -fstack-protector-strong -Wformat -Werror=format-security -march=native -pipe -g -O2 -fdebug-prefix-map=/home/richard/debs/nginx/nginx=. -fstack-protector-strong -Wformat -Werror=format-security -march=native -pipe -fPIC -Wdate-time -D_FORTIFY_SOURCE=2 -D_GNU_SOURCE -D_FILE_OFFSET_BITS=64 -o objs/autotest objs/autotest.c -Wl,-z,relro -Wl,-z,now -Wl,--as-needed,--gc-sections,--relax -fPIC
----------

----------------------------------------
checking for crypt()

x86_64-linux-gnu-ld: /tmp/ipo_iccf1Yh5b.o: in function `main':
/home/richard/debs/nginx/nginx/debian/build-light/objs/autotest.c:7: undefined reference to `crypt'
----------

#include <sys/types.h>
#include <unistd.h>


int main(void) {
    crypt("test", "salt");;
    return 0;
}

----------
icc -g -O2 -fdebug-prefix-map=/home/richard/debs/nginx/nginx=. -fstack-protector-strong -Wformat -Werror=format-security -march=native -pipe -g -O2 -fdebug-prefix-map=/home/richard/debs/nginx/nginx=. -fstack-protector-strong -Wformat -Werror=format-security -march=native -pipe -fPIC -Wdate-time -D_FORTIFY_SOURCE=2 -D_GNU_SOURCE -D_FILE_OFFSET_BITS=64 -o objs/autotest objs/autotest.c -Wl,-z,relro -Wl,-z,now -Wl,--as-needed,--gc-sections,--relax -fPIC
----------

----------------------------------------
checking for crypt() in libcrypt


----------------------------------------
checking for F_READAHEAD

objs/autotest.c(7): error: identifier "F_READAHEAD" is undefined
      fcntl(0, F_READAHEAD, 1);;
               ^

compilation aborted for objs/autotest.c (code 2)
----------

#include <sys/types.h>
#include <unistd.h>
#include <fcntl.h>

int main(void) {
    fcntl(0, F_READAHEAD, 1);;
    return 0;
}

----------
icc -g -O2 -fdebug-prefix-map=/home/richard/debs/nginx/nginx=. -fstack-protector-strong -Wformat -Werror=format-security -march=native -pipe -g -O2 -fdebug-prefix-map=/home/richard/debs/nginx/nginx=. -fstack-protector-strong -Wformat -Werror=format-security -march=native -pipe -fPIC -Wdate-time -D_FORTIFY_SOURCE=2 -D_GNU_SOURCE -D_FILE_OFFSET_BITS=64 -o objs/autotest objs/autotest.c -Wl,-z,relro -Wl,-z,now -Wl,--as-needed,--gc-sections,--relax -fPIC
----------

----------------------------------------
checking for posix_fadvise()


----------------------------------------
checking for O_DIRECT


----------------------------------------
checking for F_NOCACHE

objs/autotest.c(7): error: identifier "F_NOCACHE" is undefined
      fcntl(0, F_NOCACHE, 1);;
               ^

compilation aborted for objs/autotest.c (code 2)
----------

#include <sys/types.h>
#include <unistd.h>
#include <fcntl.h>

int main(void) {
    fcntl(0, F_NOCACHE, 1);;
    return 0;
}

----------
icc -g -O2 -fdebug-prefix-map=/home/richard/debs/nginx/nginx=. -fstack-protector-strong -Wformat -Werror=format-security -march=native -pipe -g -O2 -fdebug-prefix-map=/home/richard/debs/nginx/nginx=. -fstack-protector-strong -Wformat -Werror=format-security -march=native -pipe -fPIC -Wdate-time -D_FORTIFY_SOURCE=2 -D_GNU_SOURCE -D_FILE_OFFSET_BITS=64 -o objs/autotest objs/autotest.c -Wl,-z,relro -Wl,-z,now -Wl,--as-needed,--gc-sections,--relax -fPIC
----------

----------------------------------------
checking for directio()

objs/autotest.c(8): warning #266: function "directio" declared implicitly
      directio(0, DIRECTIO_ON);;
      ^

objs/autotest.c(8): error: identifier "DIRECTIO_ON" is undefined
      directio(0, DIRECTIO_ON);;
                  ^

compilation aborted for objs/autotest.c (code 2)
----------

#include <sys/types.h>
#include <unistd.h>
#include <sys/types.h>
                  #include <sys/fcntl.h>

int main(void) {
    directio(0, DIRECTIO_ON);;
    return 0;
}

----------
icc -g -O2 -fdebug-prefix-map=/home/richard/debs/nginx/nginx=. -fstack-protector-strong -Wformat -Werror=format-security -march=native -pipe -g -O2 -fdebug-prefix-map=/home/richard/debs/nginx/nginx=. -fstack-protector-strong -Wformat -Werror=format-security -march=native -pipe -fPIC -Wdate-time -D_FORTIFY_SOURCE=2 -D_GNU_SOURCE -D_FILE_OFFSET_BITS=64 -o objs/autotest objs/autotest.c -Wl,-z,relro -Wl,-z,now -Wl,--as-needed,--gc-sections,--relax -fPIC
----------

----------------------------------------
checking for statfs()


----------------------------------------
checking for statvfs()


----------------------------------------
checking for dlopen()


----------------------------------------
checking for sched_yield()


----------------------------------------
checking for sched_setaffinity()


----------------------------------------
checking for SO_SETFIB

objs/autotest.c(7): error: identifier "SO_SETFIB" is undefined
      setsockopt(0, SOL_SOCKET, SO_SETFIB, NULL, 0);
                                ^

compilation aborted for objs/autotest.c (code 2)
----------

#include <sys/types.h>
#include <unistd.h>
#include <sys/socket.h>

int main(void) {
    setsockopt(0, SOL_SOCKET, SO_SETFIB, NULL, 0);
    return 0;
}

----------
icc -g -O2 -fdebug-prefix-map=/home/richard/debs/nginx/nginx=. -fstack-protector-strong -Wformat -Werror=format-security -march=native -pipe -g -O2 -fdebug-prefix-map=/home/richard/debs/nginx/nginx=. -fstack-protector-strong -Wformat -Werror=format-security -march=native -pipe -fPIC -Wdate-time -D_FORTIFY_SOURCE=2 -D_GNU_SOURCE -D_FILE_OFFSET_BITS=64 -o objs/autotest objs/autotest.c -Wl,-z,relro -Wl,-z,now -Wl,--as-needed,--gc-sections,--relax -fPIC
----------

----------------------------------------
checking for SO_REUSEPORT


----------------------------------------
checking for SO_ACCEPTFILTER

objs/autotest.c(7): error: identifier "SO_ACCEPTFILTER" is undefined
      setsockopt(0, SOL_SOCKET, SO_ACCEPTFILTER, NULL, 0);
                                ^

compilation aborted for objs/autotest.c (code 2)
----------

#include <sys/types.h>
#include <unistd.h>
#include <sys/socket.h>

int main(void) {
    setsockopt(0, SOL_SOCKET, SO_ACCEPTFILTER, NULL, 0);
    return 0;
}

----------
icc -g -O2 -fdebug-prefix-map=/home/richard/debs/nginx/nginx=. -fstack-protector-strong -Wformat -Werror=format-security -march=native -pipe -g -O2 -fdebug-prefix-map=/home/richard/debs/nginx/nginx=. -fstack-protector-strong -Wformat -Werror=format-security -march=native -pipe -fPIC -Wdate-time -D_FORTIFY_SOURCE=2 -D_GNU_SOURCE -D_FILE_OFFSET_BITS=64 -o objs/autotest objs/autotest.c -Wl,-z,relro -Wl,-z,now -Wl,--as-needed,--gc-sections,--relax -fPIC
----------

----------------------------------------
checking for SO_BINDANY

objs/autotest.c(7): error: identifier "SO_BINDANY" is undefined
      setsockopt(0, SOL_SOCKET, SO_BINDANY, NULL, 0);
                                ^

compilation aborted for objs/autotest.c (code 2)
----------

#include <sys/types.h>
#include <unistd.h>
#include <sys/socket.h>

int main(void) {
    setsockopt(0, SOL_SOCKET, SO_BINDANY, NULL, 0);
    return 0;
}

----------
icc -g -O2 -fdebug-prefix-map=/home/richard/debs/nginx/nginx=. -fstack-protector-strong -Wformat -Werror=format-security -march=native -pipe -g -O2 -fdebug-prefix-map=/home/richard/debs/nginx/nginx=. -fstack-protector-strong -Wformat -Werror=format-security -march=native -pipe -fPIC -Wdate-time -D_FORTIFY_SOURCE=2 -D_GNU_SOURCE -D_FILE_OFFSET_BITS=64 -o objs/autotest objs/autotest.c -Wl,-z,relro -Wl,-z,now -Wl,--as-needed,--gc-sections,--relax -fPIC
----------

----------------------------------------
checking for IP_TRANSPARENT


----------------------------------------
checking for IP_BINDANY

objs/autotest.c(8): error: identifier "IP_BINDANY" is undefined
      setsockopt(0, IPPROTO_IP, IP_BINDANY, NULL, 0);
                                ^

compilation aborted for objs/autotest.c (code 2)
----------

#include <sys/types.h>
#include <unistd.h>
#include <sys/socket.h>
                  #include <netinet/in.h>

int main(void) {
    setsockopt(0, IPPROTO_IP, IP_BINDANY, NULL, 0);
    return 0;
}

----------
icc -g -O2 -fdebug-prefix-map=/home/richard/debs/nginx/nginx=. -fstack-protector-strong -Wformat -Werror=format-security -march=native -pipe -g -O2 -fdebug-prefix-map=/home/richard/debs/nginx/nginx=. -fstack-protector-strong -Wformat -Werror=format-security -march=native -pipe -fPIC -Wdate-time -D_FORTIFY_SOURCE=2 -D_GNU_SOURCE -D_FILE_OFFSET_BITS=64 -o objs/autotest objs/autotest.c -Wl,-z,relro -Wl,-z,now -Wl,--as-needed,--gc-sections,--relax -fPIC
----------

----------------------------------------
checking for IP_BIND_ADDRESS_NO_PORT


----------------------------------------
checking for IP_RECVDSTADDR

objs/autotest.c(8): error: identifier "IP_RECVDSTADDR" is undefined
      setsockopt(0, IPPROTO_IP, IP_RECVDSTADDR, NULL, 0);
                                ^

compilation aborted for objs/autotest.c (code 2)
----------

#include <sys/types.h>
#include <unistd.h>
#include <sys/socket.h>
                  #include <netinet/in.h>

int main(void) {
    setsockopt(0, IPPROTO_IP, IP_RECVDSTADDR, NULL, 0);
    return 0;
}

----------
icc -g -O2 -fdebug-prefix-map=/home/richard/debs/nginx/nginx=. -fstack-protector-strong -Wformat -Werror=format-security -march=native -pipe -g -O2 -fdebug-prefix-map=/home/richard/debs/nginx/nginx=. -fstack-protector-strong -Wformat -Werror=format-security -march=native -pipe -fPIC -Wdate-time -D_FORTIFY_SOURCE=2 -D_GNU_SOURCE -D_FILE_OFFSET_BITS=64 -o objs/autotest objs/autotest.c -Wl,-z,relro -Wl,-z,now -Wl,--as-needed,--gc-sections,--relax -fPIC
----------

----------------------------------------
checking for IP_SENDSRCADDR

objs/autotest.c(8): error: identifier "IP_SENDSRCADDR" is undefined
      setsockopt(0, IPPROTO_IP, IP_SENDSRCADDR, NULL, 0);
                                ^

compilation aborted for objs/autotest.c (code 2)
----------

#include <sys/types.h>
#include <unistd.h>
#include <sys/socket.h>
                  #include <netinet/in.h>

int main(void) {
    setsockopt(0, IPPROTO_IP, IP_SENDSRCADDR, NULL, 0);
    return 0;
}

----------
icc -g -O2 -fdebug-prefix-map=/home/richard/debs/nginx/nginx=. -fstack-protector-strong -Wformat -Werror=format-security -march=native -pipe -g -O2 -fdebug-prefix-map=/home/richard/debs/nginx/nginx=. -fstack-protector-strong -Wformat -Werror=format-security -march=native -pipe -fPIC -Wdate-time -D_FORTIFY_SOURCE=2 -D_GNU_SOURCE -D_FILE_OFFSET_BITS=64 -o objs/autotest objs/autotest.c -Wl,-z,relro -Wl,-z,now -Wl,--as-needed,--gc-sections,--relax -fPIC
----------

----------------------------------------
checking for IP_PKTINFO


----------------------------------------
checking for IPV6_RECVPKTINFO


----------------------------------------
checking for TCP_DEFER_ACCEPT


----------------------------------------
checking for TCP_KEEPIDLE


----------------------------------------
checking for TCP_FASTOPEN


----------------------------------------
checking for TCP_INFO


----------------------------------------
checking for accept4()


----------------------------------------
checking for eventfd()


----------------------------------------
checking for int size


----------------------------------------
checking for long size


----------------------------------------
checking for long long size


----------------------------------------
checking for void * size


----------------------------------------
checking for uint32_t


----------------------------------------
checking for uint64_t


----------------------------------------
checking for sig_atomic_t


----------------------------------------
checking for sig_atomic_t size


----------------------------------------
checking for socklen_t


----------------------------------------
checking for in_addr_t


----------------------------------------
checking for in_port_t


----------------------------------------
checking for rlim_t


----------------------------------------
checking for uintptr_t


----------------------------------------
checking for system byte ordering


----------------------------------------
checking for size_t size


----------------------------------------
checking for off_t size


----------------------------------------
checking for time_t size


----------------------------------------
checking for AF_INET6


----------------------------------------
checking for setproctitle()

objs/autotest.c(7): warning #266: function "setproctitle" declared implicitly
      setproctitle("test");;
      ^

x86_64-linux-gnu-ld: /tmp/ipo_icckHvOsR.o: in function `main':
/home/richard/debs/nginx/nginx/debian/build-light/objs/autotest.c:7: undefined reference to `setproctitle'
----------

#include <sys/types.h>
#include <unistd.h>
#include <stdlib.h>

int main(void) {
    setproctitle("test");;
    return 0;
}

----------
icc -g -O2 -fdebug-prefix-map=/home/richard/debs/nginx/nginx=. -fstack-protector-strong -Wformat -Werror=format-security -march=native -pipe -g -O2 -fdebug-prefix-map=/home/richard/debs/nginx/nginx=. -fstack-protector-strong -Wformat -Werror=format-security -march=native -pipe -fPIC -Wdate-time -D_FORTIFY_SOURCE=2 -D_GNU_SOURCE -D_FILE_OFFSET_BITS=64 -o objs/autotest objs/autotest.c -Wl,-z,relro -Wl,-z,now -Wl,--as-needed,--gc-sections,--relax -fPIC
----------

----------------------------------------
checking for pread()


----------------------------------------
checking for pwrite()


----------------------------------------
checking for pwritev()


----------------------------------------
checking for sys_nerr

x86_64-linux-gnu-ld: /tmp/ipo_iccZJpD4L.o: in function `printf.1':
/usr/include/bits/stdio2.h:104: warning: `sys_nerr' is deprecated; use `strerror' or `strerror_r' instead
135
----------------------------------------
checking for localtime_r()


----------------------------------------
checking for clock_gettime(CLOCK_MONOTONIC)


----------------------------------------
checking for posix_memalign()


----------------------------------------
checking for memalign()


----------------------------------------
checking for mmap(MAP_ANON|MAP_SHARED)


----------------------------------------
checking for mmap("/dev/zero", MAP_SHARED)


----------------------------------------
checking for System V shared memory


----------------------------------------
checking for POSIX semaphores


----------------------------------------
checking for struct msghdr.msg_control


----------------------------------------
checking for ioctl(FIONBIO)


----------------------------------------
checking for struct tm.tm_gmtoff


----------------------------------------
checking for struct dirent.d_namlen

objs/autotest.c(8): error: struct "dirent" has no field "d_namlen"
      struct dirent  dir; dir.d_namlen = 0;
                              ^

objs/autotest.c(9): error: struct "dirent" has no field "d_namlen"
                    printf("%d", (int) dir.d_namlen);
                                           ^

compilation aborted for objs/autotest.c (code 2)
----------

#include <sys/types.h>
#include <unistd.h>
#include <dirent.h>
                  #include <stdio.h>

int main(void) {
    struct dirent  dir; dir.d_namlen = 0;
                  printf("%d", (int) dir.d_namlen);
    return 0;
}

----------
icc -g -O2 -fdebug-prefix-map=/home/richard/debs/nginx/nginx=. -fstack-protector-strong -Wformat -Werror=format-security -march=native -pipe -g -O2 -fdebug-prefix-map=/home/richard/debs/nginx/nginx=. -fstack-protector-strong -Wformat -Werror=format-security -march=native -pipe -fPIC -Wdate-time -D_FORTIFY_SOURCE=2 -D_GNU_SOURCE -D_FILE_OFFSET_BITS=64 -o objs/autotest objs/autotest.c -Wl,-z,relro -Wl,-z,now -Wl,--as-needed,--gc-sections,--relax -fPIC
----------

----------------------------------------
checking for struct dirent.d_type


----------------------------------------
checking for sysconf(_SC_NPROCESSORS_ONLN)


----------------------------------------
checking for sysconf(_SC_LEVEL1_DCACHE_LINESIZE)


----------------------------------------
checking for openat(), fstatat()


----------------------------------------
checking for getaddrinfo()


----------------------------------------
checking for PCRE library


----------------------------------------
checking for PCRE JIT support


----------------------------------------
checking for OpenSSL library


----------------------------------------
checking for zlib library

